Using pre-set license
Built from '2021.1/staging' branch; Version is '2021.1.15f1 (e767a7370072) revision 15165351'; Using compiler version '192528614'; Build Type 'Release'
OS: 'Windows 10 Pro; OS build 19041.1348; Version 2004; 64bit' Language: 'es' Physical Memory: 16330 MB
BatchMode: 1, IsHumanControllingUs: 0, StartBugReporterOnCrash: 0, Is64bit: 1, IsPro: 0

 COMMAND LINE ARGUMENTS:
C:\Program Files\Unity\Hub\Editor\2021.1.15f1\Editor\Unity.exe
-adb2
-batchMode
-noUpm
-name
AssetImportWorker0
-projectPath
C:/Users/Juan Diego/Documents/GitHub/MegamanX
-logFile
Logs/AssetImportWorker0.log
-srvPort
50908
Successfully changed project path to: C:/Users/Juan Diego/Documents/GitHub/MegamanX
C:/Users/Juan Diego/Documents/GitHub/MegamanX
Using Asset Import Pipeline V2.
Refreshing native plugins compatible for Editor in 117.62 ms, found 4 plugins.
Preloading 0 native plugins for Editor in 0.00 ms.
Initialize engine version: 2021.1.15f1 (e767a7370072)
[Subsystems] Discovering subsystems at path C:/Program Files/Unity/Hub/Editor/2021.1.15f1/Editor/Data/Resources/UnitySubsystems
[Subsystems] Discovering subsystems at path C:/Users/Juan Diego/Documents/GitHub/MegamanX/Assets
GfxDevice: creating device client; threaded=0; jobified=0
Direct3D:
    Version:  Direct3D 11.0 [level 11.1]
    Renderer: NVIDIA GeForce RTX 2060 (ID=0x1e89)
    Vendor:   NVIDIA
    VRAM:     5967 MB
    Driver:   30.0.14.7141
Initialize mono
Mono path[0] = 'C:/Program Files/Unity/Hub/Editor/2021.1.15f1/Editor/Data/Managed'
Mono path[1] = 'C:/Program Files/Unity/Hub/Editor/2021.1.15f1/Editor/Data/MonoBleedingEdge/lib/mono/unityjit'
Mono config path = 'C:/Program Files/Unity/Hub/Editor/2021.1.15f1/Editor/Data/MonoBleedingEdge/etc'
Using monoOptions --debugger-agent=transport=dt_socket,embedding=1,server=y,suspend=n,address=127.0.0.1:56748
Begin MonoManager ReloadAssembly
Registering precompiled unity dll's ...
Register platform support module: C:/Program Files/Unity/Hub/Editor/2021.1.15f1/Editor/Data/PlaybackEngines/WebGLSupport/UnityEditor.WebGL.Extensions.dll
Register platform support module: C:/Program Files/Unity/Hub/Editor/2021.1.15f1/Editor/Data/PlaybackEngines/MacStandaloneSupport/UnityEditor.OSXStandalone.Extensions.dll
Register platform support module: C:/Program Files/Unity/Hub/Editor/2021.1.15f1/Editor/Data/PlaybackEngines/WindowsStandaloneSupport/UnityEditor.WindowsStandalone.Extensions.dll
Registered in 0.003297 seconds.
Native extension for WindowsStandalone target not found
Native extension for OSXStandalone target not found
Native extension for WebGL target not found
Refreshing native plugins compatible for Editor in 120.68 ms, found 4 plugins.
Preloading 0 native plugins for Editor in 0.00 ms.
Mono: successfully reloaded assembly
- Completed reload, in  2.301 seconds
Domain Reload Profiling:
	ReloadAssembly (2301ms)
		BeginReloadAssembly (64ms)
			ExecutionOrderSort (0ms)
			DisableScriptedObjects (0ms)
			BackupInstance (0ms)
			ReleaseScriptingObjects (0ms)
			CreateAndSetChildDomain (1ms)
		EndReloadAssembly (578ms)
			LoadAssemblies (61ms)
			RebuildTransferFunctionScriptingTraits (0ms)
			SetupTypeCache (200ms)
			ReleaseScriptCaches (0ms)
			RebuildScriptCaches (33ms)
			SetupLoadedEditorAssemblies (290ms)
				LogAssemblyErrors (0ms)
				InitializePlatformSupportModulesInManaged (9ms)
				SetLoadedEditorAssemblies (0ms)
				RefreshPlugins (121ms)
				BeforeProcessingInitializeOnLoad (2ms)
				ProcessInitializeOnLoadAttributes (122ms)
				ProcessInitializeOnLoadMethodAttributes (35ms)
				AfterProcessingInitializeOnLoad (0ms)
				EditorAssembliesLoaded (0ms)
			ExecutionOrderSort2 (0ms)
			AwakeInstancesAfterBackupRestoration (0ms)
Platform modules already initialized, skipping
Registering precompiled user dll's ...
Registered in 0.007812 seconds.
Begin MonoManager ReloadAssembly
Symbol file LoadedFromMemory doesn't match image C:\Users\Juan Diego\Documents\GitHub\MegamanX\Library\PackageCache\com.unity.visualscripting@1.6.1\Editor\VisualScripting.Core\Dependencies\YamlDotNet\Unity.VisualScripting.YamlDotNet.dll
Symbol file LoadedFromMemory doesn't match image C:\Users\Juan Diego\Documents\GitHub\MegamanX\Library\PackageCache\com.unity.visualscripting@1.6.1\Editor\VisualScripting.Core\Dependencies\DotNetZip\Unity.VisualScripting.IonicZip.dll
Native extension for WindowsStandalone target not found
Native extension for OSXStandalone target not found
Native extension for WebGL target not found
Refreshing native plugins compatible for Editor in 118.22 ms, found 4 plugins.
Preloading 0 native plugins for Editor in 0.00 ms.
Mono: successfully reloaded assembly
- Completed reload, in  1.580 seconds
Domain Reload Profiling:
	ReloadAssembly (1580ms)
		BeginReloadAssembly (173ms)
			ExecutionOrderSort (0ms)
			DisableScriptedObjects (5ms)
			BackupInstance (0ms)
			ReleaseScriptingObjects (0ms)
			CreateAndSetChildDomain (23ms)
		EndReloadAssembly (1329ms)
			LoadAssemblies (126ms)
			RebuildTransferFunctionScriptingTraits (0ms)
			SetupTypeCache (450ms)
			ReleaseScriptCaches (1ms)
			RebuildScriptCaches (65ms)
			SetupLoadedEditorAssemblies (562ms)
				LogAssemblyErrors (0ms)
				InitializePlatformSupportModulesInManaged (8ms)
				SetLoadedEditorAssemblies (0ms)
				RefreshPlugins (118ms)
				BeforeProcessingInitializeOnLoad (109ms)
				ProcessInitializeOnLoadAttributes (297ms)
				ProcessInitializeOnLoadMethodAttributes (21ms)
				AfterProcessingInitializeOnLoad (9ms)
				EditorAssembliesLoaded (0ms)
			ExecutionOrderSort2 (0ms)
			AwakeInstancesAfterBackupRestoration (8ms)
Platform modules already initialized, skipping
========================================================================
Worker process is ready to serve import requests
Launched and connected shader compiler UnityShaderCompiler.exe after 0.05 seconds
Refreshing native plugins compatible for Editor in 0.93 ms, found 4 plugins.
Preloading 0 native plugins for Editor in 0.00 ms.
Unloading 3806 Unused Serialized files (Serialized files now loaded: 0)
System memory in use before: 142.2 MB.
System memory in use after: 142.3 MB.

Unloading 38 unused Assets to reduce memory usage. Loaded Objects now: 4253.
Total: 3.286400 ms (FindLiveObjects: 0.415300 ms CreateObjectMapping: 0.182800 ms MarkObjects: 2.544300 ms  DeleteObjects: 0.142500 ms)

AssetImportParameters requested are different than current active one (requested -> active):
  custom:framework-win-MediaFoundation: 216162199b28c13a410421893ffa2e32 -> 
  custom:video-decoder-ogg-theora: a1e56fd34408186e4bbccfd4996cb3dc -> 
  custom:container-muxer-webm: aa71ff27fc2769a1b78a27578f13a17b -> 
  custom:container-demuxer-webm: 4f35f7cbe854078d1ac9338744f61a02 -> 
  custom:container-demuxer-ogg: 62fdf1f143b41e24485cea50d1cbac27 -> 
  custom:video-encoder-webm-vp8: eb34c28f22e8b96e1ab97ce403110664 -> 
  custom:video-decoder-webm-vp8: 9c59270c3fd7afecdb556c50c9e8de78 -> 
  custom:audio-decoder-ogg-vorbis: bf7c407c2cedff20999df2af8eb42d56 -> 
  custom:audio-encoder-webm-vorbis: bf7c407c2cedff20999df2af8eb42d56 -> 
========================================================================
Received Import Request.
  path: Assets/_TerrainAutoUpgrade/layer_checkerGround3d3aba195e4d26ee.terrainlayer
  artifactKey: Guid(6a3db240476f26c41a732b9ebf33d6b9) Importer(815301076,1909f56bfc062723c751e8b465ee728b)
Start importing Assets/_TerrainAutoUpgrade/layer_checkerGround3d3aba195e4d26ee.terrainlayer using Guid(6a3db240476f26c41a732b9ebf33d6b9) Importer(815301076,1909f56bfc062723c751e8b465ee728b)  -> (artifact id: 'fbd3ce2cdabf25081a546d2936344c8c') in 0.094257 seconds 
========================================================================
Received Import Request.
  Time since last request: 0.000241 seconds.
  path: Assets/Prefabs/Bullet.prefab
  artifactKey: Guid(e76e87b09981cb64c9b26a3f755d886e) Importer(815301076,1909f56bfc062723c751e8b465ee728b)
Start importing Assets/Prefabs/Bullet.prefab using Guid(e76e87b09981cb64c9b26a3f755d886e) Importer(815301076,1909f56bfc062723c751e8b465ee728b)  -> (artifact id: 'd670efb04b22f7f9e2e2e9e91822982f') in 0.054143 seconds 
========================================================================
Received Import Request.
  Time since last request: 0.000247 seconds.
  path: Assets/Prefabs/Megaman.prefab
  artifactKey: Guid(0c4d534b8f226804589cb5d5227bd0ae) Importer(815301076,1909f56bfc062723c751e8b465ee728b)
Start importing Assets/Prefabs/Megaman.prefab using Guid(0c4d534b8f226804589cb5d5227bd0ae) Importer(815301076,1909f56bfc062723c751e8b465ee728b)  -> (artifact id: 'fa6f8e4f063327d714a9d0c2b77ec033') in 0.037028 seconds 
========================================================================
Received Import Request.
  Time since last request: 0.000267 seconds.
  path: Assets/Prefabs/Explosion.prefab
  artifactKey: Guid(39b1940170904fb4394706edb3ff4652) Importer(815301076,1909f56bfc062723c751e8b465ee728b)
Start importing Assets/Prefabs/Explosion.prefab using Guid(39b1940170904fb4394706edb3ff4652) Importer(815301076,1909f56bfc062723c751e8b465ee728b)  -> (artifact id: '17d08ddf606d8e5f96b8c5934b0e5717') in 0.012844 seconds 
========================================================================
Received Import Request.
  Time since last request: 146.657218 seconds.
  path: Assets/enemies/enemies
  artifactKey: Guid(a0d9565b40fca0a4da587001f6c3ac8b) Importer(815301076,1909f56bfc062723c751e8b465ee728b)
Start importing Assets/enemies/enemies using Guid(a0d9565b40fca0a4da587001f6c3ac8b) Importer(815301076,1909f56bfc062723c751e8b465ee728b)  -> (artifact id: '736d6e1b0702010d91bdf85347651f0d') in 0.010559 seconds 
========================================================================
Received Import Request.
  Time since last request: 0.018335 seconds.
  path: Assets/enemies/enemies/enemy1.png
  artifactKey: Guid(4ad3af1446a809e4c9c048e71a1e0068) Importer(815301076,1909f56bfc062723c751e8b465ee728b)
Start importing Assets/enemies/enemies/enemy1.png using Guid(4ad3af1446a809e4c9c048e71a1e0068) Importer(815301076,1909f56bfc062723c751e8b465ee728b)  -> (artifact id: '43d399f48146e55f20ea2d915ba3e603') in 0.071869 seconds 
========================================================================
Received Import Request.
  Time since last request: 0.000287 seconds.
  path: Assets/enemies/enemies/enemy3.png
  artifactKey: Guid(01a328bb082f7554396c6c18fb82dcf8) Importer(815301076,1909f56bfc062723c751e8b465ee728b)
Start importing Assets/enemies/enemies/enemy3.png using Guid(01a328bb082f7554396c6c18fb82dcf8) Importer(815301076,1909f56bfc062723c751e8b465ee728b)  -> (artifact id: 'a21c6fc86fd51bfeb7ccd0f377226c36') in 0.027763 seconds 
========================================================================
Received Import Request.
  Time since last request: 0.000218 seconds.
  path: Assets/enemies/enemies/enemy2.png
  artifactKey: Guid(21094caf754249340ad9155d8a7d0b8c) Importer(815301076,1909f56bfc062723c751e8b465ee728b)
Start importing Assets/enemies/enemies/enemy2.png using Guid(21094caf754249340ad9155d8a7d0b8c) Importer(815301076,1909f56bfc062723c751e8b465ee728b)  -> (artifact id: '4b4bc57d555f4305ae6d1f76a1f51778') in 0.029520 seconds 
========================================================================
Received Import Request.
  Time since last request: 0.000234 seconds.
  path: Assets/enemies/enemies/enemy_death.png
  artifactKey: Guid(3a88998b773edd4439e77d2341eaff9a) Importer(815301076,1909f56bfc062723c751e8b465ee728b)
Start importing Assets/enemies/enemies/enemy_death.png using Guid(3a88998b773edd4439e77d2341eaff9a) Importer(815301076,1909f56bfc062723c751e8b465ee728b)  -> (artifact id: '04c77e91be2e3e54df19e0ca5db7824a') in 0.018037 seconds 
AssetImportWorkerClient::OnTransportError - code=2 error=End of file
